<?xml version="1.0" encoding="UTF-8"?>
<!-- Generated by org.testng.reporters.JUnitReportReporter -->
<testsuite hostname="LAPTOP-IR93OOCS" failures="0" tests="3" name="com.AutomationTalks.MyProject1.TestClass1" time="52.839" errors="0" timestamp="2021-09-22T16:19:01 IST" skipped="0">
  <testcase classname="com.AutomationTalks.MyProject1.TestClass1" name="Test3" time="9.609"/>
  <system-out/>
  <testcase classname="com.AutomationTalks.MyProject1.TestClass1" name="Test2" time="24.628"/>
  <system-out/>
  <testcase classname="com.AutomationTalks.MyProject1.TestClass1" name="Test1" time="18.602"/>
  <system-out/>
</testsuite> <!-- com.AutomationTalks.MyProject1.TestClass1 -->
